<?xml version="1.0" encoding="UTF-8"?>
<!-- Generated by org.testng.reporters.JUnitReportReporter -->
<testsuite skipped="0" hostname="DESKTOP-JCJ8HOK" name="testng.TNG_003" tests="1" failures="0" timestamp="01 May 2023 13:55:56 GMT" time="18.942" errors="0">
  <testcase name="amazon" time="18.942" classname="testng.TNG_003"/>
</testsuite> <!-- testng.TNG_003 -->
