<?xml version="1.0" encoding="UTF-8"?>
<!-- Generated by org.testng.reporters.JUnitReportReporter -->
<testsuite skipped="0" hostname="DESKTOP-JCJ8HOK" name="excelOperations.DataManagementwithDataprovider" tests="2" failures="0" timestamp="23 May 2023 14:02:27 GMT" time="0.026" errors="0">
  <testcase name="f" time="0.024" classname="excelOperations.DataManagementwithDataprovider"/>
  <testcase name="f" time="0.002" classname="excelOperations.DataManagementwithDataprovider"/>
</testsuite> <!-- excelOperations.DataManagementwithDataprovider -->
