<?xml version="1.0" encoding="UTF-8"?>
<!-- Generated by org.testng.reporters.JUnitReportReporter -->
<testsuite skipped="0" hostname="DESKTOP-JCJ8HOK" name="testng.RadioButton1" tests="2" failures="0" timestamp="28 Apr 2023 14:30:06 GMT" time="22.810" errors="0">
  <testcase name="radioButtonTest" time="10.426" classname="testng.RadioButton1"/>
  <testcase name="radioButtonTest" time="12.384" classname="testng.RadioButton1"/>
</testsuite> <!-- testng.RadioButton1 -->
