<?xml version="1.0" encoding="UTF-8"?>
<!-- Generated by org.testng.reporters.JUnitReportReporter -->
<testsuite skipped="0" hostname="DESKTOP-JCJ8HOK" name="pom.POM_001" tests="1" failures="0" timestamp="29 Apr 2023 01:17:01 GMT" time="10.252" errors="0">
  <testcase name="register" time="10.252" classname="pom.POM_001"/>
</testsuite> <!-- pom.POM_001 -->
