<?xml version="1.0" encoding="UTF-8"?>
<!-- Generated by org.testng.reporters.JUnitReportReporter -->
<testsuite skipped="0" hostname="DESKTOP-JCJ8HOK" name="excelOperations.DataManagementwithDataprovider" tests="3" failures="0" timestamp="31 May 2023 13:43:22 GMT" time="0.025" errors="0">
  <testcase name="f" time="0.013" classname="excelOperations.DataManagementwithDataprovider"/>
  <testcase name="f" time="0.004" classname="excelOperations.DataManagementwithDataprovider"/>
  <testcase name="f" time="0.008" classname="excelOperations.DataManagementwithDataprovider"/>
</testsuite> <!-- excelOperations.DataManagementwithDataprovider -->
