<?xml version="1.0" encoding="UTF-8"?>
<!-- Generated by org.testng.reporters.JUnitReportReporter -->
<testsuite skipped="0" hostname="DESKTOP-JCJ8HOK" name="pom.POM_001" tests="1" failures="0" timestamp="01 Jun 2023 14:15:17 GMT" time="8.164" errors="0">
  <testcase name="f" time="8.164" classname="pom.POM_001"/>
</testsuite> <!-- pom.POM_001 -->
