<?xml version="1.0" encoding="UTF-8"?>
<!-- Generated by org.testng.reporters.JUnitReportReporter -->
<testsuite skipped="1" hostname="DESKTOP-JCJ8HOK" name="testng.TNG_002" tests="3" failures="0" timestamp="27 Apr 2023 14:25:27 GMT" time="0.016" errors="0">
  <testcase name="f" time="0.010" classname="testng.TNG_002"/>
  <testcase name="z" time="0.006" classname="testng.TNG_002"/>
  <testcase name="a" classname="testng.TNG_002">
    <skipped/>
  </testcase> <!-- a -->
</testsuite> <!-- testng.TNG_002 -->
