<?xml version="1.0" encoding="UTF-8"?>
<!-- Generated by org.testng.reporters.JUnitReportReporter -->
<testsuite skipped="0" hostname="DESKTOP-JCJ8HOK" name="excelOperations.DataManagementFinalVersion" tests="2" failures="0" timestamp="31 May 2023 14:04:49 GMT" time="0.018" errors="0">
  <testcase name="f" time="0.015" classname="excelOperations.DataManagementFinalVersion"/>
  <testcase name="f" time="0.003" classname="excelOperations.DataManagementFinalVersion"/>
</testsuite> <!-- excelOperations.DataManagementFinalVersion -->
