<?xml version="1.0" encoding="UTF-8"?>
<!-- Generated by org.testng.reporters.JUnitReportReporter -->
<testsuite skipped="0" hostname="DESKTOP-JCJ8HOK" name="testng.CheckBox1" tests="2" failures="0" timestamp="28 Apr 2023 14:30:06 GMT" time="19.871" errors="0">
  <testcase name="checkboxTest" time="12.447" classname="testng.CheckBox1"/>
  <testcase name="checkboxTest" time="7.424" classname="testng.CheckBox1"/>
</testsuite> <!-- testng.CheckBox1 -->
