<?xml version="1.0" encoding="UTF-8"?>
<!-- Generated by org.testng.reporters.JUnitReportReporter -->
<testsuite skipped="1" hostname="DESKTOP-JCJ8HOK" name="excelOperations.FaceBookFinalProgram" tests="2" failures="0" timestamp="31 May 2023 14:15:04 GMT" time="10.712" errors="0">
  <testcase name="f" time="6.377" classname="excelOperations.FaceBookFinalProgram"/>
  <testcase name="f" time="4.335" classname="excelOperations.FaceBookFinalProgram">
    <skipped/>
  </testcase> <!-- f -->
</testsuite> <!-- excelOperations.FaceBookFinalProgram -->
