<?xml version="1.0" encoding="UTF-8"?>
<!-- Generated by org.testng.reporters.JUnitReportReporter -->
<testsuite skipped="0" hostname="DESKTOP-JCJ8HOK" name="excelOperations.DataManagementwithHashTable" tests="2" failures="0" timestamp="31 May 2023 13:58:01 GMT" time="0.016" errors="0">
  <testcase name="f" time="0.014" classname="excelOperations.DataManagementwithHashTable"/>
  <testcase name="f" time="0.002" classname="excelOperations.DataManagementwithHashTable"/>
</testsuite> <!-- excelOperations.DataManagementwithHashTable -->
