<?xml version="1.0" encoding="UTF-8"?>
<!-- Generated by org.testng.reporters.JUnitReportReporter -->
<testsuite skipped="0" hostname="DESKTOP-JCJ8HOK" name="testng.LinksTesting1" tests="1" failures="0" timestamp="27 Apr 2023 14:40:38 GMT" time="6.429" errors="0">
  <testcase name="linktesting1" time="6.429" classname="testng.LinksTesting1"/>
</testsuite> <!-- testng.LinksTesting1 -->
