<?xml version="1.0" encoding="UTF-8"?>
<!-- Generated by org.testng.reporters.JUnitReportReporter -->
<testsuite skipped="0" hostname="DESKTOP-JCJ8HOK" name="testng.MethodParallel" tests="7" failures="0" timestamp="28 Apr 2023 14:43:34 GMT" time="0.160" errors="0">
  <testcase name="test5" time="0.027" classname="testng.MethodParallel"/>
  <testcase name="test1" time="0.028" classname="testng.MethodParallel"/>
  <testcase name="test6" time="0.019" classname="testng.MethodParallel"/>
  <testcase name="test3" time="0.028" classname="testng.MethodParallel"/>
  <testcase name="test7" time="0.002" classname="testng.MethodParallel"/>
  <testcase name="test4" time="0.027" classname="testng.MethodParallel"/>
  <testcase name="test2" time="0.029" classname="testng.MethodParallel"/>
</testsuite> <!-- testng.MethodParallel -->
