<?xml version="1.0" encoding="UTF-8"?>
<!-- Generated by org.testng.reporters.JUnitReportReporter -->
<testsuite skipped="0" hostname="DESKTOP-JCJ8HOK" name="suiteA.TestA1" tests="1" failures="0" timestamp="28 Apr 2023 14:53:06 GMT" time="2.019" errors="0">
  <testcase name="testA1" time="2.019" classname="suiteA.TestA1"/>
</testsuite> <!-- suiteA.TestA1 -->
