<?xml version="1.0" encoding="UTF-8"?>
<!-- Generated by org.testng.reporters.JUnitReportReporter -->
<testsuite skipped="0" hostname="DESKTOP-JCJ8HOK" name="testng.RadioButton1" tests="1" failures="0" timestamp="27 Apr 2023 14:40:38 GMT" time="10.991" errors="0">
  <testcase name="radioButtonTest" time="10.991" classname="testng.RadioButton1"/>
</testsuite> <!-- testng.RadioButton1 -->
