<?xml version="1.0" encoding="UTF-8"?>
<!-- Generated by org.testng.reporters.JUnitReportReporter -->
<testsuite skipped="0" hostname="DESKTOP-JCJ8HOK" name="testng.TNG_003" tests="1" failures="0" timestamp="27 Apr 2023 14:40:38 GMT" time="14.720" errors="0">
  <testcase name="amazon" time="14.720" classname="testng.TNG_003"/>
</testsuite> <!-- testng.TNG_003 -->
