<?xml version="1.0" encoding="UTF-8"?>
<!-- Generated by org.testng.reporters.JUnitReportReporter -->
<testsuite skipped="0" hostname="DESKTOP-JCJ8HOK" name="testng.TNG_003" tests="2" failures="0" timestamp="28 Apr 2023 14:30:06 GMT" time="29.345" errors="0">
  <testcase name="amazon" time="12.363" classname="testng.TNG_003"/>
  <testcase name="amazon" time="16.982" classname="testng.TNG_003"/>
</testsuite> <!-- testng.TNG_003 -->
