<?xml version="1.0" encoding="UTF-8"?>
<!-- Generated by org.testng.reporters.JUnitReportReporter -->
<testsuite skipped="0" hostname="DESKTOP-JCJ8HOK" name="testng.CheckBox1" tests="1" failures="0" timestamp="27 Apr 2023 14:40:38 GMT" time="7.526" errors="0">
  <testcase name="checkboxTest" time="7.526" classname="testng.CheckBox1"/>
</testsuite> <!-- testng.CheckBox1 -->
