<?xml version="1.0" encoding="UTF-8"?>
<!-- Generated by org.testng.reporters.JUnitReportReporter -->
<testsuite skipped="0" hostname="DESKTOP-JCJ8HOK" name="testng.LinksTesting1" tests="2" failures="0" timestamp="28 Apr 2023 14:30:06 GMT" time="20.018" errors="0">
  <testcase name="linktesting1" time="13.143" classname="testng.LinksTesting1"/>
  <testcase name="linktesting1" time="6.875" classname="testng.LinksTesting1"/>
</testsuite> <!-- testng.LinksTesting1 -->
