<?xml version="1.0" encoding="UTF-8"?>
<!-- Generated by org.testng.reporters.JUnitReportReporter -->
<testsuite skipped="0" hostname="DESKTOP-JCJ8HOK" name="testcases.CustomerManagement" tests="2" failures="0" timestamp="17 May 2023 14:15:26 GMT" time="0.015" errors="0">
  <testcase name="checkMobile" time="0.012" classname="testcases.CustomerManagement"/>
  <testcase name="checkMail" time="0.003" classname="testcases.CustomerManagement"/>
</testsuite> <!-- testcases.CustomerManagement -->
