<?xml version="1.0" encoding="UTF-8"?>
<!-- Generated by org.testng.reporters.JUnitReportReporter -->
<testsuite skipped="0" hostname="DESKTOP-JCJ8HOK" name="testcases.BookingManagement" tests="2" failures="0" timestamp="03 May 2023 14:35:41 GMT" time="0.019" errors="0">
  <testcase name="createBooking" time="0.017" classname="testcases.BookingManagement"/>
  <testcase name="GuestInfo" time="0.002" classname="testcases.BookingManagement"/>
</testsuite> <!-- testcases.BookingManagement -->
