<?xml version="1.0" encoding="UTF-8"?>
<!-- Generated by org.testng.reporters.JUnitReportReporter -->
<testsuite skipped="0" hostname="DESKTOP-JCJ8HOK" name="testcases.PaymentManagement" tests="2" failures="0" timestamp="03 May 2023 14:35:41 GMT" time="0.006" errors="0">
  <testcase name="applyDiscount" time="0.003" classname="testcases.PaymentManagement"/>
  <testcase name="makePayment" time="0.003" classname="testcases.PaymentManagement"/>
</testsuite> <!-- testcases.PaymentManagement -->
