<?xml version="1.0" encoding="UTF-8"?>
<!-- Generated by org.testng.reporters.JUnitReportReporter -->
<testsuite skipped="0" hostname="DESKTOP-JCJ8HOK" name="testcases.BookingManagement" tests="2" failures="0" timestamp="17 May 2023 14:15:26 GMT" time="0.025" errors="0">
  <testcase name="createBooking" time="0.001" classname="testcases.BookingManagement"/>
  <testcase name="GuestInfo" time="0.024" classname="testcases.BookingManagement"/>
</testsuite> <!-- testcases.BookingManagement -->
